From https://github.com/psysever/admin-dte
 * [new branch]      chang      -> origin/chang
 * [new branch]      kim        -> origin/kim
 * [new branch]      lee        -> origin/lee
cd3373230b98c041ee6bf8d2c73e9de569d374ba
cd3373230b98c041ee6bf8d2c73e9de569d374ba
cd3373230b98c041ee6bf8d2c73e9de569d374ba
cd3373230b98c041ee6bf8d2c73e9de569d374ba
cd3373230b98c041ee6bf8d2c73e9de569d374ba
cd3373230b98c041ee6bf8d2c73e9de569d374ba
cd3373230b98c041ee6bf8d2c73e9de569d374ba
cd3373230b98c041ee6bf8d2c73e9de569d374ba
cd3373230b98c041ee6bf8d2c73e9de569d374ba
cd3373230b98c041ee6bf8d2c73e9de569d374ba
cd3373230b98c041ee6bf8d2c73e9de569d374ba
cd3373230b98c041ee6bf8d2c73e9de569d374ba
cd3373230b98c041ee6bf8d2c73e9de569d374ba
cd3373230b98c041ee6bf8d2c73e9de569d374ba
From https://github.com/psysever/admin-dte
   fe6d7f2..d557c1c  kim        -> origin/kim
cd3373230b98c041ee6bf8d2c73e9de569d374ba
cd3373230b98c041ee6bf8d2c73e9de569d374ba
cd3373230b98c041ee6bf8d2c73e9de569d374ba
cd3373230b98c041ee6bf8d2c73e9de569d374ba
cd3373230b98c041ee6bf8d2c73e9de569d374ba
cd3373230b98c041ee6bf8d2c73e9de569d374ba
cd3373230b98c041ee6bf8d2c73e9de569d374ba
cd3373230b98c041ee6bf8d2c73e9de569d374ba
cd3373230b98c041ee6bf8d2c73e9de569d374ba
cd3373230b98c041ee6bf8d2c73e9de569d374ba
From https://github.com/psysever/admin-dte
   cd33732..351dc01  chang      -> origin/chang
   d557c1c..57d9e94  kim        -> origin/kim
cd3373230b98c041ee6bf8d2c73e9de569d374ba
cd3373230b98c041ee6bf8d2c73e9de569d374ba
From https://github.com/psysever/admin-dte
 + 351dc01...14d4b7b chang      -> origin/chang  (forced update)
   57d9e94..32d8249  kim        -> origin/kim
cd3373230b98c041ee6bf8d2c73e9de569d374ba
cd3373230b98c041ee6bf8d2c73e9de569d374ba
