Arguments: 
  C:\Program Files\nodejs\node.exe C:\Program Files (x86)\Yarn\bin\yarn.js start

PATH: 
  C:\WINDOWS\system32;C:\WINDOWS;C:\WINDOWS\System32\Wbem;C:\WINDOWS\System32\WindowsPowerShell\v1.0\;C:\WINDOWS\System32\OpenSSH\;C:\ProgramData\chocolatey\bin;C:\ProgramData\nvm;C:\Program Files\nodejs;C:\Program Files (x86)\Yarn\bin\;C:\Program Files\Git\cmd;C:\Program Files (x86)\NetSarang\Xshell 7\;C:\Program Files\PuTTY\;C:\Users\pc\AppData\Local\Microsoft\WindowsApps;C:\Users\pc\AppData\Local\Yarn\bin;C:\Users\pc\AppData\Local\Programs\Microsoft VS Code\bin

Yarn version: 
  1.22.15

Node version: 
  14.15.4

Platform: 
  win32 x64

Trace: 
  SyntaxError: C:\Users\pc\Desktop\admin-dte\package.json: Unexpected token < in JSON at position 475
      at JSON.parse (<anonymous>)
      at C:\Program Files (x86)\Yarn\lib\cli.js:1625:59
      at Generator.next (<anonymous>)
      at step (C:\Program Files (x86)\Yarn\lib\cli.js:310:30)
      at C:\Program Files (x86)\Yarn\lib\cli.js:321:13

npm manifest: 
  {
    "name": "datatables.net-editor-demo",
    "version": "1.9.6",
    "description": "DataTables Editor demo package, including examples and test data",
    "dependencies": {
      "body-parser": "^1.17.2",
      "cross-env": "^7.0.3",
      "datatables.net-editor-server": "^1.9.6",
      "dotenv": "^16.0.1",
      "express": "^4.15.3",
      "express-busboy": "^6.0.1",
      "knex": "^0.14.0",
      "mssql": "^4.1.0",
      "mysql": "^2.13.0",
      "mysql2": "^2.3.3",
      "nodemon": "^2.0.15",
  <<<<<<< HEAD
      "sqlite3": "^4.2.0",
      "mysql2": "^2.3.3"
  =======
      "pg": "^7.4.0",
      "sqlite3": "^4.2.0"
  >>>>>>> 54b37038e4b118101a7d487bccf8c31b0df98690
    },
    "devDependencies": {
      "source-map-support": "^0.4.15"
    },
    "scripts": {
      "test": "echo \"Error: no test specified\" && exit 1",
      "start": "cross-env NODE_ENV=development nodemon index.js",
      "dev": "cross-env NODE_ENV=production nodemon index.js"
    },
    "keywords": [
      "DataTables",
      "Editor"
    ],
    "author": "SpryMedia Limited",
    "license": "SEE LICENSE IN https://editor.datatables.net/license",
    "private": true
  }

yarn manifest: 
  No manifest

Lockfile: 
  No lockfile
